{"/Users/sofia.altusar-anderson/Desktop/full-stack-open-pokedex/src/App.jsx": {"path":"/Users/sofia.altusar-anderson/Desktop/full-stack-open-pokedex/src/App.jsx","statementMap":{"0":{"start":{"line":9,"column":20},"end":{"line":13,"column":3}},"1":{"start":{"line":9,"column":37},"end":{"line":13,"column":3}},"2":{"start":{"line":9,"column":69},"end":{"line":13,"column":1}},"3":{"start":{"line":15,"column":12},"end":{"line":39,"column":1}},"4":{"start":{"line":16,"column":50},"end":{"line":16,"column":116}},"5":{"start":{"line":17,"column":2},"end":{"line":19,"column":3}},"6":{"start":{"line":18,"column":4},"end":{"line":18,"column":29}},"7":{"start":{"line":20,"column":2},"end":{"line":22,"column":3}},"8":{"start":{"line":21,"column":4},"end":{"line":21,"column":41}},"9":{"start":{"line":24,"column":2},"end":{"line":38,"column":3}},"10":{"start":{"line":31,"column":28},"end":{"line":31,"column":101}},"11":{"start":{"line":31,"column":59},"end":{"line":31,"column":97}},"12":{"start":{"line":32,"column":27},"end":{"line":32,"column":77}},"13":{"start":{"line":32,"column":56},"end":{"line":32,"column":76}},"14":{"start":{"line":33,"column":23},"end":{"line":33,"column":73}},"15":{"start":{"line":33,"column":52},"end":{"line":33,"column":72}},"16":{"start":{"line":34,"column":10},"end":{"line":34,"column":90}}},"fnMap":{"0":{"name":"(anonymous_0)","decl":{"start":{"line":9,"column":20},"end":{"line":9,"column":21}},"loc":{"start":{"line":9,"column":37},"end":{"line":13,"column":3}},"line":9},"1":{"name":"(anonymous_1)","decl":{"start":{"line":9,"column":49},"end":{"line":9,"column":50}},"loc":{"start":{"line":9,"column":69},"end":{"line":13,"column":1}},"line":9},"2":{"name":"(anonymous_2)","decl":{"start":{"line":15,"column":12},"end":{"line":15,"column":13}},"loc":{"start":{"line":15,"column":18},"end":{"line":39,"column":1}},"line":15},"3":{"name":"(anonymous_3)","decl":{"start":{"line":30,"column":45},"end":{"line":30,"column":46}},"loc":{"start":{"line":30,"column":62},"end":{"line":35,"column":9}},"line":30},"4":{"name":"(anonymous_4)","decl":{"start":{"line":31,"column":45},"end":{"line":31,"column":46}},"loc":{"start":{"line":31,"column":59},"end":{"line":31,"column":97}},"line":31},"5":{"name":"(anonymous_5)","decl":{"start":{"line":32,"column":44},"end":{"line":32,"column":45}},"loc":{"start":{"line":32,"column":56},"end":{"line":32,"column":76}},"line":32},"6":{"name":"(anonymous_6)","decl":{"start":{"line":33,"column":40},"end":{"line":33,"column":41}},"loc":{"start":{"line":33,"column":52},"end":{"line":33,"column":72}},"line":33}},"branchMap":{"0":{"loc":{"start":{"line":17,"column":2},"end":{"line":19,"column":3}},"type":"if","locations":[{"start":{"line":17,"column":2},"end":{"line":19,"column":3}},{"start":{"line":17,"column":2},"end":{"line":19,"column":3}}],"line":17},"1":{"loc":{"start":{"line":20,"column":2},"end":{"line":22,"column":3}},"type":"if","locations":[{"start":{"line":20,"column":2},"end":{"line":22,"column":3}},{"start":{"line":20,"column":2},"end":{"line":22,"column":3}}],"line":20}},"s":{"0":1,"1":1,"2":1,"3":1,"4":9,"5":9,"6":6,"7":3,"8":2,"9":1,"10":0,"11":0,"12":0,"13":0,"14":0,"15":0,"16":0},"f":{"0":1,"1":1,"2":9,"3":0,"4":0,"5":0,"6":0},"b":{"0":[6,3],"1":[2,1]},"_coverageSchema":"1a1c01bbd47fc00a2c39e90264f33305004495a9","hash":"e9f6d58d15b27960a89df21f3ecc8228af66d472"}
,"/Users/sofia.altusar-anderson/Desktop/full-stack-open-pokedex/src/ErrorMessage.jsx": {"path":"/Users/sofia.altusar-anderson/Desktop/full-stack-open-pokedex/src/ErrorMessage.jsx","statementMap":{"0":{"start":{"line":3,"column":21},"end":{"line":5,"column":1}},"1":{"start":{"line":4,"column":2},"end":{"line":4,"column":69}}},"fnMap":{"0":{"name":"(anonymous_0)","decl":{"start":{"line":3,"column":21},"end":{"line":3,"column":22}},"loc":{"start":{"line":4,"column":2},"end":{"line":4,"column":69}},"line":4}},"branchMap":{},"s":{"0":2,"1":2},"f":{"0":2},"b":{},"_coverageSchema":"1a1c01bbd47fc00a2c39e90264f33305004495a9","hash":"7a72fa334a34f54b98f1b334c512565a5731ab5d"}
,"/Users/sofia.altusar-anderson/Desktop/full-stack-open-pokedex/src/LoadingSpinner.jsx": {"path":"/Users/sofia.altusar-anderson/Desktop/full-stack-open-pokedex/src/LoadingSpinner.jsx","statementMap":{"0":{"start":{"line":3,"column":23},"end":{"line":5,"column":1}},"1":{"start":{"line":4,"column":2},"end":{"line":4,"column":145}}},"fnMap":{"0":{"name":"(anonymous_0)","decl":{"start":{"line":3,"column":23},"end":{"line":3,"column":24}},"loc":{"start":{"line":4,"column":2},"end":{"line":4,"column":145}},"line":4}},"branchMap":{},"s":{"0":2,"1":14},"f":{"0":14},"b":{},"_coverageSchema":"1a1c01bbd47fc00a2c39e90264f33305004495a9","hash":"bada2c3abc9d4353b10df5a5b58759a7445bc305"}
,"/Users/sofia.altusar-anderson/Desktop/full-stack-open-pokedex/src/PokemonAbility.jsx": {"path":"/Users/sofia.altusar-anderson/Desktop/full-stack-open-pokedex/src/PokemonAbility.jsx","statementMap":{"0":{"start":{"line":3,"column":23},"end":{"line":10,"column":1}},"1":{"start":{"line":4,"column":2},"end":{"line":9,"column":8}}},"fnMap":{"0":{"name":"(anonymous_0)","decl":{"start":{"line":3,"column":23},"end":{"line":3,"column":24}},"loc":{"start":{"line":4,"column":2},"end":{"line":9,"column":8}},"line":4}},"branchMap":{},"s":{"0":2,"1":8},"f":{"0":8},"b":{},"_coverageSchema":"1a1c01bbd47fc00a2c39e90264f33305004495a9","hash":"e4683af06f6fb87847056b7afd24eebdd7b65deb"}
,"/Users/sofia.altusar-anderson/Desktop/full-stack-open-pokedex/src/PokemonList.jsx": {"path":"/Users/sofia.altusar-anderson/Desktop/full-stack-open-pokedex/src/PokemonList.jsx","statementMap":{"0":{"start":{"line":4,"column":20},"end":{"line":18,"column":1}},"1":{"start":{"line":5,"column":2},"end":{"line":17,"column":3}},"2":{"start":{"line":8,"column":8},"end":{"line":14,"column":15}}},"fnMap":{"0":{"name":"(anonymous_0)","decl":{"start":{"line":4,"column":20},"end":{"line":4,"column":21}},"loc":{"start":{"line":4,"column":41},"end":{"line":18,"column":1}},"line":4},"1":{"name":"(anonymous_1)","decl":{"start":{"line":7,"column":23},"end":{"line":7,"column":24}},"loc":{"start":{"line":8,"column":8},"end":{"line":14,"column":15}},"line":8}},"branchMap":{},"s":{"0":2,"1":2,"2":3},"f":{"0":2,"1":3},"b":{},"_coverageSchema":"1a1c01bbd47fc00a2c39e90264f33305004495a9","hash":"c9fb8546f34401cfd71b6b195483f9da16d90925"}
,"/Users/sofia.altusar-anderson/Desktop/full-stack-open-pokedex/src/PokemonPage.jsx": {"path":"/Users/sofia.altusar-anderson/Desktop/full-stack-open-pokedex/src/PokemonPage.jsx","statementMap":{"0":{"start":{"line":8,"column":19},"end":{"line":8,"column":67}},"1":{"start":{"line":8,"column":37},"end":{"line":8,"column":67}},"2":{"start":{"line":10,"column":20},"end":{"line":61,"column":1}},"3":{"start":{"line":11,"column":19},"end":{"line":11,"column":30}},"4":{"start":{"line":12,"column":46},"end":{"line":12,"column":97}},"5":{"start":{"line":14,"column":2},"end":{"line":16,"column":3}},"6":{"start":{"line":15,"column":4},"end":{"line":15,"column":29}},"7":{"start":{"line":17,"column":2},"end":{"line":19,"column":3}},"8":{"start":{"line":18,"column":4},"end":{"line":18,"column":41}},"9":{"start":{"line":21,"column":19},"end":{"line":21,"column":64}},"10":{"start":{"line":21,"column":48},"end":{"line":21,"column":63}},"11":{"start":{"line":22,"column":16},"end":{"line":25,"column":15}},"12":{"start":{"line":22,"column":45},"end":{"line":25,"column":3}},"13":{"start":{"line":26,"column":24},"end":{"line":26,"column":79}},"14":{"start":{"line":26,"column":60},"end":{"line":26,"column":78}},"15":{"start":{"line":27,"column":24},"end":{"line":27,"column":87}},"16":{"start":{"line":27,"column":60},"end":{"line":27,"column":86}},"17":{"start":{"line":30,"column":2},"end":{"line":60,"column":3}},"18":{"start":{"line":45,"column":18},"end":{"line":48,"column":23}}},"fnMap":{"0":{"name":"(anonymous_0)","decl":{"start":{"line":8,"column":19},"end":{"line":8,"column":20}},"loc":{"start":{"line":8,"column":37},"end":{"line":8,"column":67}},"line":8},"1":{"name":"(anonymous_1)","decl":{"start":{"line":10,"column":20},"end":{"line":10,"column":21}},"loc":{"start":{"line":10,"column":44},"end":{"line":61,"column":1}},"line":10},"2":{"name":"(anonymous_2)","decl":{"start":{"line":21,"column":38},"end":{"line":21,"column":39}},"loc":{"start":{"line":21,"column":48},"end":{"line":21,"column":63}},"line":21},"3":{"name":"(anonymous_3)","decl":{"start":{"line":22,"column":34},"end":{"line":22,"column":35}},"loc":{"start":{"line":22,"column":45},"end":{"line":25,"column":3}},"line":22},"4":{"name":"(anonymous_4)","decl":{"start":{"line":26,"column":47},"end":{"line":26,"column":48}},"loc":{"start":{"line":26,"column":60},"end":{"line":26,"column":78}},"line":26},"5":{"name":"(anonymous_5)","decl":{"start":{"line":27,"column":47},"end":{"line":27,"column":48}},"loc":{"start":{"line":27,"column":60},"end":{"line":27,"column":86}},"line":27},"6":{"name":"(anonymous_6)","decl":{"start":{"line":44,"column":27},"end":{"line":44,"column":28}},"loc":{"start":{"line":45,"column":18},"end":{"line":48,"column":23}},"line":45}},"branchMap":{"0":{"loc":{"start":{"line":14,"column":2},"end":{"line":16,"column":3}},"type":"if","locations":[{"start":{"line":14,"column":2},"end":{"line":16,"column":3}},{"start":{"line":14,"column":2},"end":{"line":16,"column":3}}],"line":14},"1":{"loc":{"start":{"line":17,"column":2},"end":{"line":19,"column":3}},"type":"if","locations":[{"start":{"line":17,"column":2},"end":{"line":19,"column":3}},{"start":{"line":17,"column":2},"end":{"line":19,"column":3}}],"line":17},"2":{"loc":{"start":{"line":33,"column":9},"end":{"line":33,"column":75}},"type":"binary-expr","locations":[{"start":{"line":33,"column":9},"end":{"line":33,"column":17}},{"start":{"line":33,"column":21},"end":{"line":33,"column":75}}],"line":33},"3":{"loc":{"start":{"line":35,"column":9},"end":{"line":35,"column":63}},"type":"binary-expr","locations":[{"start":{"line":35,"column":9},"end":{"line":35,"column":13}},{"start":{"line":35,"column":17},"end":{"line":35,"column":63}}],"line":35},"4":{"loc":{"start":{"line":54,"column":13},"end":{"line":54,"column":101}},"type":"binary-expr","locations":[{"start":{"line":54,"column":13},"end":{"line":54,"column":26}},{"start":{"line":54,"column":30},"end":{"line":54,"column":101}}],"line":54},"5":{"loc":{"start":{"line":55,"column":13},"end":{"line":55,"column":101}},"type":"binary-expr","locations":[{"start":{"line":55,"column":13},"end":{"line":55,"column":26}},{"start":{"line":55,"column":30},"end":{"line":55,"column":101}}],"line":55}},"s":{"0":2,"1":16,"2":2,"3":12,"4":12,"5":12,"6":8,"7":4,"8":0,"9":4,"10":4,"11":4,"12":8,"13":4,"14":8,"15":4,"16":4,"17":4,"18":8},"f":{"0":16,"1":12,"2":4,"3":8,"4":8,"5":4,"6":8},"b":{"0":[8,4],"1":[0,4],"2":[4,1],"3":[4,1],"4":[4,4],"5":[4,4]},"_coverageSchema":"1a1c01bbd47fc00a2c39e90264f33305004495a9","hash":"cdb3a2a17f2dacf1ae366f9a776d0521c2c9d0b2"}
,"/Users/sofia.altusar-anderson/Desktop/full-stack-open-pokedex/src/useApi.js": {"path":"/Users/sofia.altusar-anderson/Desktop/full-stack-open-pokedex/src/useApi.js","statementMap":{"0":{"start":{"line":4,"column":15},"end":{"line":18,"column":1}},"1":{"start":{"line":4,"column":46},"end":{"line":4,"column":52}},"2":{"start":{"line":5,"column":26},"end":{"line":5,"column":36}},"3":{"start":{"line":6,"column":36},"end":{"line":6,"column":50}},"4":{"start":{"line":7,"column":28},"end":{"line":7,"column":38}},"5":{"start":{"line":8,"column":2},"end":{"line":15,"column":11}},"6":{"start":{"line":9,"column":4},"end":{"line":9,"column":22}},"7":{"start":{"line":10,"column":4},"end":{"line":14,"column":41}},"8":{"start":{"line":12,"column":24},"end":{"line":12,"column":58}},"9":{"start":{"line":14,"column":21},"end":{"line":14,"column":40}},"10":{"start":{"line":17,"column":2},"end":{"line":17,"column":35}}},"fnMap":{"0":{"name":"(anonymous_0)","decl":{"start":{"line":4,"column":15},"end":{"line":4,"column":16}},"loc":{"start":{"line":4,"column":57},"end":{"line":18,"column":1}},"line":4},"1":{"name":"(anonymous_1)","decl":{"start":{"line":4,"column":34},"end":{"line":4,"column":35}},"loc":{"start":{"line":4,"column":46},"end":{"line":4,"column":52}},"line":4},"2":{"name":"(anonymous_2)","decl":{"start":{"line":8,"column":12},"end":{"line":8,"column":13}},"loc":{"start":{"line":8,"column":18},"end":{"line":15,"column":3}},"line":8},"3":{"name":"(anonymous_3)","decl":{"start":{"line":12,"column":12},"end":{"line":12,"column":13}},"loc":{"start":{"line":12,"column":24},"end":{"line":12,"column":58}},"line":12},"4":{"name":"(anonymous_4)","decl":{"start":{"line":14,"column":15},"end":{"line":14,"column":16}},"loc":{"start":{"line":14,"column":21},"end":{"line":14,"column":40}},"line":14}},"branchMap":{"0":{"loc":{"start":{"line":4,"column":21},"end":{"line":4,"column":52}},"type":"default-arg","locations":[{"start":{"line":4,"column":34},"end":{"line":4,"column":52}}],"line":4}},"s":{"0":2,"1":4,"2":21,"3":21,"4":21,"5":21,"6":7,"7":7,"8":6,"9":7,"10":21},"f":{"0":21,"1":4,"2":7,"3":6,"4":7},"b":{"0":[12]},"_coverageSchema":"1a1c01bbd47fc00a2c39e90264f33305004495a9","hash":"12c797b0e693c9f5479edd5caa9fcadbd252e683"}
}
