TN:
SF:src/App.jsx
FN:9,(anonymous_0)
FN:9,(anonymous_1)
FN:15,(anonymous_2)
FN:30,(anonymous_3)
FN:31,(anonymous_4)
FN:32,(anonymous_5)
FN:33,(anonymous_6)
FNF:7
FNH:3
FNDA:1,(anonymous_0)
FNDA:1,(anonymous_1)
FNDA:9,(anonymous_2)
FNDA:0,(anonymous_3)
FNDA:0,(anonymous_4)
FNDA:0,(anonymous_5)
FNDA:0,(anonymous_6)
DA:9,1
DA:15,1
DA:16,9
DA:17,9
DA:18,6
DA:20,3
DA:21,2
DA:24,1
DA:31,0
DA:32,0
DA:33,0
DA:34,0
LF:12
LH:8
BRDA:17,0,0,6
BRDA:17,0,1,3
BRDA:20,1,0,2
BRDA:20,1,1,1
BRF:4
BRH:4
end_of_record
TN:
SF:src/ErrorMessage.jsx
FN:3,(anonymous_0)
FNF:1
FNH:1
FNDA:2,(anonymous_0)
DA:3,2
DA:4,2
LF:2
LH:2
BRF:0
BRH:0
end_of_record
TN:
SF:src/LoadingSpinner.jsx
FN:3,(anonymous_0)
FNF:1
FNH:1
FNDA:14,(anonymous_0)
DA:3,2
DA:4,14
LF:2
LH:2
BRF:0
BRH:0
end_of_record
TN:
SF:src/PokemonAbility.jsx
FN:3,(anonymous_0)
FNF:1
FNH:1
FNDA:8,(anonymous_0)
DA:3,2
DA:4,8
LF:2
LH:2
BRF:0
BRH:0
end_of_record
TN:
SF:src/PokemonList.jsx
FN:4,(anonymous_0)
FN:7,(anonymous_1)
FNF:2
FNH:2
FNDA:2,(anonymous_0)
FNDA:3,(anonymous_1)
DA:4,2
DA:5,2
DA:8,3
LF:3
LH:3
BRF:0
BRH:0
end_of_record
TN:
SF:src/PokemonPage.jsx
FN:8,(anonymous_0)
FN:10,(anonymous_1)
FN:21,(anonymous_2)
FN:22,(anonymous_3)
FN:26,(anonymous_4)
FN:27,(anonymous_5)
FN:44,(anonymous_6)
FNF:7
FNH:7
FNDA:16,(anonymous_0)
FNDA:12,(anonymous_1)
FNDA:4,(anonymous_2)
FNDA:8,(anonymous_3)
FNDA:8,(anonymous_4)
FNDA:4,(anonymous_5)
FNDA:8,(anonymous_6)
DA:8,16
DA:10,2
DA:11,12
DA:12,12
DA:14,12
DA:15,8
DA:17,4
DA:18,0
DA:21,4
DA:22,8
DA:26,8
DA:27,4
DA:30,4
DA:45,8
LF:14
LH:13
BRDA:14,0,0,8
BRDA:14,0,1,4
BRDA:17,1,0,0
BRDA:17,1,1,4
BRDA:33,2,0,4
BRDA:33,2,1,1
BRDA:35,3,0,4
BRDA:35,3,1,1
BRDA:54,4,0,4
BRDA:54,4,1,4
BRDA:55,5,0,4
BRDA:55,5,1,4
BRF:12
BRH:11
end_of_record
TN:
SF:src/useApi.js
FN:4,(anonymous_0)
FN:4,(anonymous_1)
FN:8,(anonymous_2)
FN:12,(anonymous_3)
FN:14,(anonymous_4)
FNF:5
FNH:5
FNDA:21,(anonymous_0)
FNDA:4,(anonymous_1)
FNDA:7,(anonymous_2)
FNDA:6,(anonymous_3)
FNDA:7,(anonymous_4)
DA:4,4
DA:5,21
DA:6,21
DA:7,21
DA:8,21
DA:9,7
DA:10,7
DA:12,6
DA:14,7
DA:17,21
LF:10
LH:10
BRDA:4,0,0,12
BRF:1
BRH:1
end_of_record
